[DEBUG] Created dir: /home/ran/work/git/open_clovis_github/SAFplus-Availability-Scalability-Platform/log
[DEBUG] Determined OS to be: Ubuntu, 64-bit
[DEBUG] self.INSTALL_DIR set to: /home/ran/clovis_2015/
[DEBUG] Setting lock /tmp/.openclovis_installer
[DEBUG] self.INSTALL_DIR already set (via cl) to /home/ran/clovis_2015/
[DEBUG] Created dir: /home/ran/clovis_2015/sdk-6.0/IDE
[DEBUG] Created dir: /home/ran/clovis_2015/sdk-6.0/doc
[DEBUG] Created dir: /home/ran/clovis_2015/sdk-6.0/bin
[DEBUG] Created dir: /home/ran/clovis_2015/sdk-6.0/lib
[DEBUG] Created dir: /home/ran/clovis_2015/sdk-6.0/eclipse
TIPC : True
Install tipc module
[DEBUG] calling cmd: /sbin/modinfo tipc > /dev/null 2>&1;
[DEBUG] calling cmd: which tipc-config 2>/dev/null
[DEBUG] calling cmd: /sbin/modinfo tipc > /dev/null 2>&1;
tipc major : 2 - tipc minor : 0 
Working root set to [/home/ran/work/git/open_clovis_github], package root at [/home/ran/clovis_2015/sdk-6.0]
List ['3rdparty-base-1.27-x86_64.tar']
[DEBUG] doInstallation() 7 items to install
Beginning configure, build, and install of: tipc-config 2.0.2
tar xfm /home/ran/work/git/open_clovis_github/3rdparty-base-1.27-x86_64.tar tipcutils-2.0.2.tar.gz
move into extracted folder: /home/ran/work/git/open_clovis_github/SAFplus-Availability-Scalability-Platform/workspace 
move into extracted folder: tipcutils-2.0.2 
[DEBUG] calling cmd: 
[DEBUG] got ret code: 0
[DEBUG] calling cmd: make >> /home/ran/work/git/open_clovis_github/SAFplus-Availability-Scalability-Platform/log/tipc-config.log 2>&1
[DEBUG] got ret code: 0
[DEBUG] calling cmd: mkdir -p /home/ran/clovis_2015/buildtools/local/bin
[DEBUG] got ret code: 0
[DEBUG] calling cmd: cp tipc-config/tipc-config /home/ran/clovis_2015/buildtools/local/bin
[DEBUG] got ret code: 0
tipc-config 2.0.2 was installed successfully
Beginning configure, build, and install of: JRE 1.7.0
[DEBUG] calling cmd: cd /home/ran/clovis_2015/buildtools/local;tar xf /home/ran/work/git/open_clovis_github/3rdparty-base-1.27-x86_64.tar jre-7u65-linux-x64.tar.gz;tar zxf jre-7u65-linux-x64.tar.gz;rm -f jre-7u65-linux-x64.tar.gz
[DEBUG] got ret code: 0
JRE 1.7.0 was installed successfully
Beginning configure, build, and install of: eclipse 3.7.1
[DEBUG] calling cmd: cd /home/ran/clovis_2015/buildtools/local;tar xf /home/ran/work/git/open_clovis_github/3rdparty-base-1.27-x86_64.tar eclipse-SDK-3.7.1-linux-gtk-x86_64.tar.gz;tar zxf eclipse-SDK-3.7.1-linux-gtk-x86_64.tar.gz;rm -f eclipse-SDK-3.7.1-linux-gtk-x86_64.tar.gz
[DEBUG] got ret code: 0
eclipse 3.7.1 was installed successfully
Beginning configure, build, and install of: EMF 2.7.1
[DEBUG] calling cmd: cd /home/ran/clovis_2015/buildtools/local;tar xf /home/ran/work/git/open_clovis_github/3rdparty-base-1.27-x86_64.tar emf-runtime-2.7.1.zip;unzip -qq -o -u emf-runtime-2.7.1.zip;rm -f emf-runtime-2.7.1.zip
[DEBUG] got ret code: 0
EMF 2.7.1 was installed successfully
Beginning configure, build, and install of: GEF 3.7.2
[DEBUG] calling cmd: cd /home/ran/clovis_2015/buildtools/local;tar xf /home/ran/work/git/open_clovis_github/3rdparty-base-1.27-x86_64.tar GEF-runtime-3.7.2.zip;unzip -qq -o -u GEF-runtime-3.7.2.zip;rm -f GEF-runtime-3.7.2.zip
[DEBUG] got ret code: 0
GEF 3.7.2 was installed successfully
Beginning configure, build, and install of: CDT 8.0.1
[DEBUG] calling cmd: cd /home/ran/clovis_2015/buildtools/local;mkdir -p eclipse/cdt/eclipse;mkdir -p eclipse/links;cd eclipse/cdt/eclipse;echo "path=/home/ran/clovis_2015/buildtools/local/eclipse/cdt" > /home/ran/clovis_2015/buildtools/local/eclipse/links/cdt.link;tar xvf /home/ran/work/git/open_clovis_github/3rdparty-base-1.27-x86_64.tar cdt-master-8.0.1.zip;unzip -qq -o -u cdt-master-8.0.1.zip;rm -f cdt-master-8.0.1.zip
[DEBUG] got ret code: 0
CDT 8.0.1 was installed successfully
Beginning configure, build, and install of: sqlite 3.6.7
tar xfm /home/ran/work/git/open_clovis_github/3rdparty-base-1.27-x86_64.tar sqlite-3.6.7.tar.gz
move into extracted folder: /home/ran/work/git/open_clovis_github/SAFplus-Availability-Scalability-Platform/workspace 
move into extracted folder: sqlite-3.6.7 
[DEBUG] calling cmd: cd /home/ran/clovis_2015/buildtools/local;rm -rf sqlite-*;tar xfm /home/ran/work/git/open_clovis_github/3rdparty-base-1.27-x86_64.tar sqlite-3.6.7.tar.gz;tar zxf sqlite-3.6.7.tar.gz;rm -f sqlite-3.6.7.tar.gz;cd sqlite-*;./configure --disable-tcl --prefix=/home/ran/clovis_2015/buildtools/local >> /home/ran/work/git/open_clovis_github/SAFplus-Availability-Scalability-Platform/log/sqlite.log 2>&1;make >> /home/ran/work/git/open_clovis_github/SAFplus-Availability-Scalability-Platform/log/sqlite.log 2>&1;make install >> /home/ran/work/git/open_clovis_github/SAFplus-Availability-Scalability-Platform/log/sqlite.log 2>&1
[DEBUG] got ret code: 0
sqlite 3.6.7 was installed successfully
[DEBUG] Install phase complete
[DEBUG] Starting postInstallation()
OpenClovis is already installed. Overwrite?
Responding with 'no' will leave the existing SDK intact and proceed to the
Cleaning up...
Done cleaning.
Installing SAFplus...
Starting IDE installation...
Linking Eclipse in /home/ran/clovis_2015/sdk-6.0...
cp -rf /home/ran/work/git/open_clovis_github/SAFplus-Availability-Scalability-Platform/IDE /home/ran/clovis_2015/sdk-6.0
rm -rf /home/ran/clovis_2015/sdk-6.0/eclipse/plugins/*clovis*
cp -rl /home/ran/clovis_2015/buildtools/local/eclipse /home/ran/clovis_2015/sdk-6.0
sed -e '/-showsplash\|org.eclipse.platform/d' /home/ran/clovis_2015/sdk-6.0/eclipse/eclipse.ini > /home/ran/clovis_2015/sdk-6.0/eclipse/eclipse_ini.tmp
rm /home/ran/clovis_2015/sdk-6.0/eclipse/eclipse.ini
mv /home/ran/clovis_2015/sdk-6.0/eclipse/eclipse_ini.tmp /home/ran/clovis_2015/sdk-6.0/eclipse/eclipse.ini
mv -f /home/ran/clovis_2015/sdk-6.0/IDE/plugins/* /home/ran/clovis_2015/sdk-6.0/eclipse/plugins
rm -rf /home/ran/clovis_2015/sdk-6.0/IDE/plugins
cp -rf /home/ran/clovis_2015/sdk-6.0/IDE/scripts/config.ini /home/ran/clovis_2015/sdk-6.0/eclipse/configuration
Copying documents...
Done.
Starting utilities installation...
Working root set to [/home/ran/work/git/open_clovis_github], package root at [/home/ran/clovis_2015/sdk-6.0]
List []
[DEBUG] Created dir: /home/ran/clovis_2015/sdk-6.0/prebuild
The following installed build tool packages are found:
Select the crossbuild tool(s) to build from the above list, [Default: i686]
/home/ran/clovis_2015/sdk-6.0/src/SAFplus/configure --with-asp-build --with-cross-build=i686  > build.log
