checking build system type... x86_64-unknown-linux-gnu
checking host system type... x86_64-unknown-linux-gnu
checking for gcc... gcc
checking for C compiler default output file name... a.out
checking whether the C compiler works... yes
checking whether we are cross compiling... no
checking for suffix of executables... 
checking for suffix of object files... o
checking whether we are using the GNU C compiler... yes
checking whether gcc accepts -g... yes
checking for gcc option to accept ANSI C... none needed
checking for a sed that does not truncate output... /bin/sed
checking for egrep... grep -E
checking for fgrep... grep -F
checking for ld used by gcc... /usr/bin/ld
checking if the linker (/usr/bin/ld) is GNU ld... yes
checking for BSD- or MS-compatible name lister (nm)... /usr/bin/nm -B
checking the name lister (/usr/bin/nm -B) interface... BSD nm
checking whether ln -s works... yes
checking the maximum length of command line arguments... 1572864
checking whether the shell understands some XSI constructs... yes
checking whether the shell understands "+="... yes
checking for /usr/bin/ld option to reload object files... -r
checking how to recognize dependent libraries... pass_all
checking for ar... ar
checking for strip... strip
checking for ranlib... ranlib
checking command to parse /usr/bin/nm -B output from gcc object... ok
checking how to run the C preprocessor... gcc -E
checking for ANSI C header files... yes
checking for sys/types.h... yes
checking for sys/stat.h... yes
checking for stdlib.h... yes
checking for string.h... yes
checking for memory.h... yes
checking for strings.h... yes
checking for inttypes.h... yes
checking for stdint.h... yes
checking for unistd.h... yes
checking for dlfcn.h... yes
checking for objdir... .libs
checking if gcc supports -fno-rtti -fno-exceptions... no
checking for gcc option to produce PIC... -fPIC -DPIC
checking if gcc PIC flag -fPIC -DPIC works... yes
checking if gcc static flag -static works... yes
checking if gcc supports -c -o file.o... yes
checking if gcc supports -c -o file.o... (cached) yes
checking whether the gcc linker (/usr/bin/ld -m elf_x86_64) supports shared libraries... yes
checking whether -lc should be explicitly linked in... no
checking dynamic linker characteristics... GNU/Linux ld.so
checking how to hardcode library paths into programs... immediate
checking whether stripping libraries is possible... yes
checking if libtool supports shared libraries... yes
checking whether to build shared libraries... yes
checking whether to build static libraries... yes
checking for a BSD-compatible install... /usr/bin/install -c
checking for gawk... gawk
checking for special C compiler options needed for large files... no
checking for _FILE_OFFSET_BITS value needed for large files... no
checking for _LARGE_FILES value needed for large files... no
checking for int8_t... yes
checking for int16_t... yes
checking for int32_t... yes
checking for int64_t... yes
checking for intptr_t... yes
checking for uint8_t... yes
checking for uint16_t... yes
checking for uint32_t... yes
checking for uint64_t... yes
checking for uintptr_t... yes
checking for sys/types.h... (cached) yes
checking for stdlib.h... (cached) yes
checking for stdint.h... (cached) yes
checking for inttypes.h... (cached) yes
checking for usleep... yes
checking for fdatasync... yes
checking for localtime_r... yes
checking for gmtime_r... yes
checking for localtime_s... no
checking for tclsh8.4... no
checking for tclsh... tclsh
Version set to 3.6
Release set to 3.6.7
Version number set to 3006007
checking whether to support threadsafe operation... yes
checking for library containing pthread_create... -lpthread
checking whether to allow connections to be shared across threads... no
checking whether threads can override each others locks... no
checking whether to support shared library linked as release mode or not... no
checking whether to use an in-ram database for temporary tables... no
checking if executables have the .exe suffix... unknown
checking for library containing tgetent... -lncurses
checking for readline in -lreadline... yes
checking readline.h usability... no
checking readline.h presence... no
checking for readline.h... no
checking for /usr/include/readline.h... no
checking for /usr/include/readline/readline.h... yes
checking for library containing fdatasync... none required
configure: creating ./config.status
config.status: creating Makefile
config.status: creating sqlite3.pc
config.status: creating config.h
config.status: executing libtool commands
sed -e s/--VERS--/3.6.7/ ./src/sqlite.h.in | \
	sed -e s/--VERSION-NUMBER--/3006007/ >sqlite3.h
gcc  -g -O2 -o mkkeywordhash -DSQLITE_OMIT_LOAD_EXTENSION=1  ./tool/mkkeywordhash.c
./mkkeywordhash >keywordhash.h
gcc  -g -O2 -o lemon ./tool/lemon.c
cp ./tool/lempar.c .
cp ./src/parse.y .
./lemon -DSQLITE_OMIT_LOAD_EXTENSION=1  parse.y
mv parse.h parse.h.temp
gawk -f ./addopcodes.awk parse.h.temp >parse.h
cat parse.h ./src/vdbe.c | gawk -f ./mkopcodeh.awk >opcodes.h
sort -n -b -k 3 opcodes.h | gawk -f ./mkopcodec.awk >opcodes.c
rm -rf tsrc
mkdir -p tsrc
cp ./src/alter.c ./src/analyze.c ./src/attach.c ./src/auth.c ./src/bitvec.c ./src/btmutex.c ./src/btree.c ./src/btree.h ./src/btreeInt.h ./src/build.c ./src/callback.c ./src/complete.c ./src/date.c ./src/delete.c ./src/expr.c ./src/fault.c ./src/func.c ./src/global.c ./src/hash.c ./src/hash.h ./src/hwtime.h ./src/insert.c ./src/journal.c ./src/legacy.c ./src/loadext.c ./src/main.c ./src/malloc.c ./src/mem0.c ./src/mem1.c ./src/mem2.c ./src/mem3.c ./src/mem5.c ./src/memjournal.c ./src/mutex.c ./src/mutex.h ./src/mutex_noop.c ./src/mutex_os2.c ./src/mutex_unix.c ./src/mutex_w32.c ./src/os.c ./src/os.h ./src/os_common.h ./src/os_unix.c ./src/os_win.c ./src/os_os2.c ./src/pager.c ./src/pager.h ./src/parse.y ./src/pcache.c ./src/pcache.h ./src/pcache1.c ./src/pragma.c ./src/prepare.c ./src/printf.c ./src/random.c ./src/resolve.c ./src/rowset.c ./src/select.c ./src/status.c ./src/shell.c ./src/sqlite.h.in ./src/sqlite3ext.h ./src/sqliteInt.h ./src/sqliteLimit.h ./src/table.c ./src/tclsqlite.c ./src/tokenize.c ./src/trigger.c ./src/utf.c ./src/update.c ./src/util.c ./src/vacuum.c ./src/vdbe.c ./src/vdbe.h ./src/vdbeapi.c ./src/vdbeaux.c ./src/vdbeblob.c ./src/vdbemem.c ./src/vdbeInt.h ./src/vtab.c ./src/walker.c ./src/where.c keywordhash.h opcodes.c opcodes.h parse.c parse.h config.h sqlite3.h ./ext/fts1/fts1.c ./ext/fts1/fts1.h ./ext/fts1/fts1_hash.c ./ext/fts1/fts1_hash.h ./ext/fts1/fts1_porter.c ./ext/fts1/fts1_tokenizer.h ./ext/fts1/fts1_tokenizer1.c ./ext/fts2/fts2.c ./ext/fts2/fts2.h ./ext/fts2/fts2_hash.c ./ext/fts2/fts2_hash.h ./ext/fts2/fts2_icu.c ./ext/fts2/fts2_porter.c ./ext/fts2/fts2_tokenizer.h ./ext/fts2/fts2_tokenizer.c ./ext/fts2/fts2_tokenizer1.c ./ext/fts3/fts3.c ./ext/fts3/fts3.h ./ext/fts3/fts3_hash.c ./ext/fts3/fts3_hash.h ./ext/fts3/fts3_icu.c ./ext/fts3/fts3_porter.c ./ext/fts3/fts3_tokenizer.h ./ext/fts3/fts3_tokenizer.c ./ext/fts3/fts3_tokenizer1.c ./ext/icu/sqliteicu.h ./ext/icu/icu.c ./ext/rtree/rtree.h ./ext/rtree/rtree.c tsrc
rm tsrc/sqlite.h.in tsrc/parse.y
touch .target_source
tclsh ./tool/mksqlite3c.tcl
./libtool --mode=compile --tag=CC gcc   -g -O2 -DSQLITE_OS_UNIX=1 -I. -I./src -D_HAVE_SQLITE_CONFIG_H -DNDEBUG   -DSQLITE_THREADSAFE=1 -DSQLITE_THREAD_OVERRIDE_LOCK=-1 -DSQLITE_OMIT_LOAD_EXTENSION=1   -c sqlite3.c
libtool: compile:  gcc -g -O2 -DSQLITE_OS_UNIX=1 -I. -I./src -D_HAVE_SQLITE_CONFIG_H -DNDEBUG -DSQLITE_THREADSAFE=1 -DSQLITE_THREAD_OVERRIDE_LOCK=-1 -DSQLITE_OMIT_LOAD_EXTENSION=1 -c sqlite3.c  -fPIC -DPIC -o .libs/sqlite3.o
sqlite3.c: In function ‘findLockInfo’:
sqlite3.c:22550:10: warning: ignoring return value of ‘write’, declared with attribute warn_unused_result [-Wunused-result]
     write(fd, "S", 1);
          ^
libtool: compile:  gcc -g -O2 -DSQLITE_OS_UNIX=1 -I. -I./src -D_HAVE_SQLITE_CONFIG_H -DNDEBUG -DSQLITE_THREADSAFE=1 -DSQLITE_THREAD_OVERRIDE_LOCK=-1 -DSQLITE_OMIT_LOAD_EXTENSION=1 -c sqlite3.c -o sqlite3.o >/dev/null 2>&1
./libtool --mode=link gcc   -g -O2 -DSQLITE_OS_UNIX=1 -I. -I./src -D_HAVE_SQLITE_CONFIG_H -DNDEBUG   -DSQLITE_THREADSAFE=1 -DSQLITE_THREAD_OVERRIDE_LOCK=-1 -DSQLITE_OMIT_LOAD_EXTENSION=1     -o libsqlite3.la sqlite3.lo -lpthread  \
		 -rpath "/home/ran/clovis_2015/buildtools/local/lib" -version-info "8:6:8"
libtool: link: gcc -shared  .libs/sqlite3.o   -lpthread    -Wl,-soname -Wl,libsqlite3.so.0 -o .libs/libsqlite3.so.0.8.6
libtool: link: (cd ".libs" && rm -f "libsqlite3.so.0" && ln -s "libsqlite3.so.0.8.6" "libsqlite3.so.0")
libtool: link: (cd ".libs" && rm -f "libsqlite3.so" && ln -s "libsqlite3.so.0.8.6" "libsqlite3.so")
libtool: link: ar cru .libs/libsqlite3.a  sqlite3.o
libtool: link: ranlib .libs/libsqlite3.a
libtool: link: ( cd ".libs" && rm -f "libsqlite3.la" && ln -s "../libsqlite3.la" "libsqlite3.la" )
./libtool --mode=link gcc   -g -O2 -DSQLITE_OS_UNIX=1 -I. -I./src -D_HAVE_SQLITE_CONFIG_H -DNDEBUG   -DSQLITE_THREADSAFE=1 -DSQLITE_THREAD_OVERRIDE_LOCK=-1 -DSQLITE_OMIT_LOAD_EXTENSION=1     -DHAVE_READLINE=1 -I/usr/include/readline \
		-o sqlite3 ./src/shell.c libsqlite3.la \
		-lreadline -lncurses  -lpthread  -rpath "/home/ran/clovis_2015/buildtools/local/lib"
libtool: link: gcc -g -O2 -DSQLITE_OS_UNIX=1 -I. -I./src -D_HAVE_SQLITE_CONFIG_H -DNDEBUG -DSQLITE_THREADSAFE=1 -DSQLITE_THREAD_OVERRIDE_LOCK=-1 -DSQLITE_OMIT_LOAD_EXTENSION=1 -DHAVE_READLINE=1 -I/usr/include/readline -o .libs/sqlite3 ./src/shell.c  ./.libs/libsqlite3.so -lreadline -lncurses -lpthread -Wl,-rpath -Wl,/home/ran/clovis_2015/buildtools/local/lib
./src/shell.c: In function 'do_meta_command':
./src/shell.c:1210:5: warning: format not a string literal and no format arguments [-Wformat-security]
     fprintf(stderr,zHelp);
     ^
/usr/bin/install -c -d /home/ran/clovis_2015/buildtools/local/lib
./libtool --mode=install /usr/bin/install -c libsqlite3.la /home/ran/clovis_2015/buildtools/local/lib
libtool: install: /usr/bin/install -c .libs/libsqlite3.so.0.8.6 /home/ran/clovis_2015/buildtools/local/lib/libsqlite3.so.0.8.6
libtool: install: (cd /home/ran/clovis_2015/buildtools/local/lib && { ln -s -f libsqlite3.so.0.8.6 libsqlite3.so.0 || { rm -f libsqlite3.so.0 && ln -s libsqlite3.so.0.8.6 libsqlite3.so.0; }; })
libtool: install: (cd /home/ran/clovis_2015/buildtools/local/lib && { ln -s -f libsqlite3.so.0.8.6 libsqlite3.so || { rm -f libsqlite3.so && ln -s libsqlite3.so.0.8.6 libsqlite3.so; }; })
libtool: install: /usr/bin/install -c .libs/libsqlite3.lai /home/ran/clovis_2015/buildtools/local/lib/libsqlite3.la
libtool: install: /usr/bin/install -c .libs/libsqlite3.a /home/ran/clovis_2015/buildtools/local/lib/libsqlite3.a
libtool: install: chmod 644 /home/ran/clovis_2015/buildtools/local/lib/libsqlite3.a
libtool: install: ranlib /home/ran/clovis_2015/buildtools/local/lib/libsqlite3.a
libtool: finish: PATH="/home/ran/bin:/usr/local/sbin:/usr/local/bin:/usr/sbin:/usr/bin:/sbin:/bin:/usr/games:/usr/local/games:/usr/lib/jvm/java-8-oracle/bin:/usr/lib/jvm/java-8-oracle/db/bin:/usr/lib/jvm/java-8-oracle/jre/bin:/sbin" ldconfig -n /home/ran/clovis_2015/buildtools/local/lib
----------------------------------------------------------------------
Libraries have been installed in:
   /home/ran/clovis_2015/buildtools/local/lib

If you ever happen to want to link against installed libraries
in a given directory, LIBDIR, you must either use libtool, and
specify the full pathname of the library, or use the `-LLIBDIR'
flag during linking and do at least one of the following:
   - add LIBDIR to the `LD_LIBRARY_PATH' environment variable
     during execution
   - add LIBDIR to the `LD_RUN_PATH' environment variable
     during linking
   - use the `-Wl,-rpath -Wl,LIBDIR' linker flag
   - have your system administrator add LIBDIR to `/etc/ld.so.conf'

See any operating system documentation about shared libraries for
more information, such as the ld(1) and ld.so(8) manual pages.
----------------------------------------------------------------------
/usr/bin/install -c -d /home/ran/clovis_2015/buildtools/local/bin
./libtool --mode=install /usr/bin/install -c sqlite3 /home/ran/clovis_2015/buildtools/local/bin
libtool: install: /usr/bin/install -c .libs/sqlite3 /home/ran/clovis_2015/buildtools/local/bin/sqlite3
/usr/bin/install -c -d /home/ran/clovis_2015/buildtools/local/include
/usr/bin/install -c -m 0644 sqlite3.h /home/ran/clovis_2015/buildtools/local/include
/usr/bin/install -c -m 0644 ./src/sqlite3ext.h /home/ran/clovis_2015/buildtools/local/include
/usr/bin/install -c -d /home/ran/clovis_2015/buildtools/local/lib/pkgconfig
/usr/bin/install -c -m 0644 sqlite3.pc /home/ran/clovis_2015/buildtools/local/lib/pkgconfig
