make -C tipc-config
make[1]: Entering directory `/home/ran/work/git/open_clovis_github/SAFplus-Availability-Scalability-Platform/workspace/tipcutils-2.0.2/tipc-config'
make[1]: Nothing to be done for `all'.
make[1]: Leaving directory `/home/ran/work/git/open_clovis_github/SAFplus-Availability-Scalability-Platform/workspace/tipcutils-2.0.2/tipc-config'
make -C tipc-pipe
make[1]: Entering directory `/home/ran/work/git/open_clovis_github/SAFplus-Availability-Scalability-Platform/workspace/tipcutils-2.0.2/tipc-pipe'
make[1]: Nothing to be done for `all'.
make[1]: Leaving directory `/home/ran/work/git/open_clovis_github/SAFplus-Availability-Scalability-Platform/workspace/tipcutils-2.0.2/tipc-pipe'
make -C ptts
make[1]: Entering directory `/home/ran/work/git/open_clovis_github/SAFplus-Availability-Scalability-Platform/workspace/tipcutils-2.0.2/ptts'
make[1]: Nothing to be done for `all'.
make[1]: Leaving directory `/home/ran/work/git/open_clovis_github/SAFplus-Availability-Scalability-Platform/workspace/tipcutils-2.0.2/ptts'
make -C demos
make[1]: Entering directory `/home/ran/work/git/open_clovis_github/SAFplus-Availability-Scalability-Platform/workspace/tipcutils-2.0.2/demos'
make -C hello_world
make[2]: Entering directory `/home/ran/work/git/open_clovis_github/SAFplus-Availability-Scalability-Platform/workspace/tipcutils-2.0.2/demos/hello_world'
make[2]: Nothing to be done for `all'.
make[2]: Leaving directory `/home/ran/work/git/open_clovis_github/SAFplus-Availability-Scalability-Platform/workspace/tipcutils-2.0.2/demos/hello_world'
make -C connection_demo
make[2]: Entering directory `/home/ran/work/git/open_clovis_github/SAFplus-Availability-Scalability-Platform/workspace/tipcutils-2.0.2/demos/connection_demo'
make[2]: Nothing to be done for `all'.
make[2]: Leaving directory `/home/ran/work/git/open_clovis_github/SAFplus-Availability-Scalability-Platform/workspace/tipcutils-2.0.2/demos/connection_demo'
make -C topology_subscr_demo
make[2]: Entering directory `/home/ran/work/git/open_clovis_github/SAFplus-Availability-Scalability-Platform/workspace/tipcutils-2.0.2/demos/topology_subscr_demo'
make[2]: Nothing to be done for `all'.
make[2]: Leaving directory `/home/ran/work/git/open_clovis_github/SAFplus-Availability-Scalability-Platform/workspace/tipcutils-2.0.2/demos/topology_subscr_demo'
make -C multicast_demo
make[2]: Entering directory `/home/ran/work/git/open_clovis_github/SAFplus-Availability-Scalability-Platform/workspace/tipcutils-2.0.2/demos/multicast_demo'
make[2]: Nothing to be done for `all'.
make[2]: Leaving directory `/home/ran/work/git/open_clovis_github/SAFplus-Availability-Scalability-Platform/workspace/tipcutils-2.0.2/demos/multicast_demo'
make -C stream_demo
make[2]: Entering directory `/home/ran/work/git/open_clovis_github/SAFplus-Availability-Scalability-Platform/workspace/tipcutils-2.0.2/demos/stream_demo'
make[2]: Nothing to be done for `all'.
make[2]: Leaving directory `/home/ran/work/git/open_clovis_github/SAFplus-Availability-Scalability-Platform/workspace/tipcutils-2.0.2/demos/stream_demo'
make -C inventory_sim
make[2]: Entering directory `/home/ran/work/git/open_clovis_github/SAFplus-Availability-Scalability-Platform/workspace/tipcutils-2.0.2/demos/inventory_sim'
make[2]: Nothing to be done for `all'.
make[2]: Leaving directory `/home/ran/work/git/open_clovis_github/SAFplus-Availability-Scalability-Platform/workspace/tipcutils-2.0.2/demos/inventory_sim'
make -C benchmark
make[2]: Entering directory `/home/ran/work/git/open_clovis_github/SAFplus-Availability-Scalability-Platform/workspace/tipcutils-2.0.2/demos/benchmark'
make[2]: Nothing to be done for `all'.
make[2]: Leaving directory `/home/ran/work/git/open_clovis_github/SAFplus-Availability-Scalability-Platform/workspace/tipcutils-2.0.2/demos/benchmark'
make[1]: Leaving directory `/home/ran/work/git/open_clovis_github/SAFplus-Availability-Scalability-Platform/workspace/tipcutils-2.0.2/demos'
